Fitter report for tigger_game
Fri Oct 27 23:05:03 2023
Quartus II 64-Bit Version 9.1 Build 222 10/21/2009 SJ Full Version


---------------------
; Table of Contents ;
---------------------
  1. Legal Notice
  2. Fitter Summary
  3. Fitter Settings
  4. Parallel Compilation
  5. Ignored Assignments
  6. Pin-Out File
  7. Fitter Resource Usage Summary
  8. Input Pins
  9. Output Pins
 10. I/O Bank Usage
 11. All Package Pins
 12. Output Pin Default Load For Reported TCO
 13. Fitter Resource Utilization by Entity
 14. Delay Chain Summary
 15. Control Signals
 16. Global & Other Fast Signals
 17. Non-Global High Fan-Out Signals
 18. Interconnect Usage Summary
 19. LAB Logic Elements
 20. LAB-wide Signals
 21. LAB Signals Sourced
 22. LAB Signals Sourced Out
 23. LAB Distinct Inputs
 24. Fitter Device Options
 25. Estimated Delay Added for Hold Timing
 26. Fitter Messages
 27. Fitter Suppressed Messages



----------------
; Legal Notice ;
----------------
Copyright (C) 1991-2009 Altera Corporation
Your use of Altera Corporation's design tools, logic functions 
and other software and tools, and its AMPP partner logic 
functions, and any output files from any of the foregoing 
(including device programming or simulation files), and any 
associated documentation or information are expressly subject 
to the terms and conditions of the Altera Program License 
Subscription Agreement, Altera MegaCore Function License 
Agreement, or other applicable license agreement, including, 
without limitation, that your use is for the sole purpose of 
programming logic devices manufactured by Altera and sold by 
Altera or its authorized distributors.  Please refer to the 
applicable agreement for further details.



+----------------------------------------------------------------------+
; Fitter Summary                                                       ;
+---------------------------+------------------------------------------+
; Fitter Status             ; Successful - Fri Oct 27 23:05:03 2023    ;
; Quartus II 64-Bit Version ; 9.1 Build 222 10/21/2009 SJ Full Version ;
; Revision Name             ; tigger_game                              ;
; Top-level Entity Name     ; tigger_game                              ;
; Family                    ; MAX II                                   ;
; Device                    ; EPM570T100C5                             ;
; Timing Models             ; Final                                    ;
; Total logic elements      ; 144 / 570 ( 25 % )                       ;
; Total pins                ; 29 / 76 ( 38 % )                         ;
; Total virtual pins        ; 0                                        ;
; UFM blocks                ; 0 / 1 ( 0 % )                            ;
+---------------------------+------------------------------------------+


+----------------------------------------------------------------------------------------------------------------------------------------------+
; Fitter Settings                                                                                                                              ;
+----------------------------------------------------------------------------+--------------------------------+--------------------------------+
; Option                                                                     ; Setting                        ; Default Value                  ;
+----------------------------------------------------------------------------+--------------------------------+--------------------------------+
; Device                                                                     ; EPM570T100C5                   ;                                ;
; Minimum Core Junction Temperature                                          ; 0                              ;                                ;
; Maximum Core Junction Temperature                                          ; 85                             ;                                ;
; Fit Attempts to Skip                                                       ; 0                              ; 0.0                            ;
; Device I/O Standard                                                        ; 3.3-V LVTTL                    ;                                ;
; Use smart compilation                                                      ; Off                            ; Off                            ;
; Enable parallel Assembler and TimeQuest Timing Analyzer during compilation ; On                             ; On                             ;
; Enable compact report table                                                ; Off                            ; Off                            ;
; Use TimeQuest Timing Analyzer                                              ; Off                            ; Off                            ;
; Router Timing Optimization Level                                           ; Normal                         ; Normal                         ;
; Placement Effort Multiplier                                                ; 1.0                            ; 1.0                            ;
; Router Effort Multiplier                                                   ; 1.0                            ; 1.0                            ;
; Always Enable Input Buffers                                                ; Off                            ; Off                            ;
; Optimize Hold Timing                                                       ; IO Paths and Minimum TPD Paths ; IO Paths and Minimum TPD Paths ;
; Optimize Multi-Corner Timing                                               ; Off                            ; Off                            ;
; Guarantee I/O Paths Have Zero Hold Time at Fast Corner                     ; On                             ; On                             ;
; PowerPlay Power Optimization                                               ; Normal compilation             ; Normal compilation             ;
; Optimize Timing                                                            ; Normal compilation             ; Normal compilation             ;
; Optimize Timing for ECOs                                                   ; Off                            ; Off                            ;
; Regenerate full fit report during ECO compiles                             ; Off                            ; Off                            ;
; Optimize IOC Register Placement for Timing                                 ; On                             ; On                             ;
; Limit to One Fitting Attempt                                               ; Off                            ; Off                            ;
; Final Placement Optimizations                                              ; Automatically                  ; Automatically                  ;
; Fitter Aggressive Routability Optimizations                                ; Automatically                  ; Automatically                  ;
; Fitter Initial Placement Seed                                              ; 1                              ; 1                              ;
; Slow Slew Rate                                                             ; Off                            ; Off                            ;
; PCI I/O                                                                    ; Off                            ; Off                            ;
; Weak Pull-Up Resistor                                                      ; Off                            ; Off                            ;
; Enable Bus-Hold Circuitry                                                  ; Off                            ; Off                            ;
; Auto Delay Chains                                                          ; On                             ; On                             ;
; Perform Physical Synthesis for Combinational Logic for Performance         ; Off                            ; Off                            ;
; Perform Register Duplication for Performance                               ; Off                            ; Off                            ;
; Perform Register Retiming for Performance                                  ; Off                            ; Off                            ;
; Perform Asynchronous Signal Pipelining                                     ; Off                            ; Off                            ;
; Fitter Effort                                                              ; Auto Fit                       ; Auto Fit                       ;
; Physical Synthesis Effort Level                                            ; Normal                         ; Normal                         ;
; Logic Cell Insertion - Logic Duplication                                   ; Auto                           ; Auto                           ;
; Auto Register Duplication                                                  ; Auto                           ; Auto                           ;
; Auto Global Clock                                                          ; On                             ; On                             ;
; Auto Global Register Control Signals                                       ; On                             ; On                             ;
; Stop After Congestion Map Generation                                       ; Off                            ; Off                            ;
; Save Intermediate Fitting Results                                          ; Off                            ; Off                            ;
; Force Fitter to Avoid Periphery Placement Warnings                         ; Off                            ; Off                            ;
; Use Best Effort Settings for Compilation                                   ; Off                            ; Off                            ;
+----------------------------------------------------------------------------+--------------------------------+--------------------------------+


+------------------------------------------+
; Parallel Compilation                     ;
+----------------------------+-------------+
; Processors                 ; Number      ;
+----------------------------+-------------+
; Number detected on machine ; 4           ;
; Maximum allowed            ; 4           ;
;                            ;             ;
; Average used               ; 1.00        ;
; Maximum used               ; 4           ;
;                            ;             ;
; Usage by Processor         ; % Time Used ;
;     1 processor            ; 100.0%      ;
;     2-4 processors         ; < 0.1%      ;
+----------------------------+-------------+


+----------------------------------------------------------------------------------------+
; Ignored Assignments                                                                    ;
+----------+----------------+--------------+------------+---------------+----------------+
; Name     ; Ignored Entity ; Ignored From ; Ignored To ; Ignored Value ; Ignored Source ;
+----------+----------------+--------------+------------+---------------+----------------+
; Location ;                ;              ; Fake3      ; PIN_52        ; QSF Assignment ;
+----------+----------------+--------------+------------+---------------+----------------+


+--------------+
; Pin-Out File ;
+--------------+
The pin-out file can be found in D:/Everylanguage/EDA/game - Copy/tigger_game.pin.


+------------------------------------------------------------------------------+
; Fitter Resource Usage Summary                                                ;
+---------------------------------------------+--------------------------------+
; Resource                                    ; Usage                          ;
+---------------------------------------------+--------------------------------+
; Total logic elements                        ; 144 / 570 ( 25 % )             ;
;     -- Combinational with no register       ; 80                             ;
;     -- Register only                        ; 0                              ;
;     -- Combinational with a register        ; 64                             ;
;                                             ;                                ;
; Logic element usage by number of LUT inputs ;                                ;
;     -- 4 input functions                    ; 63                             ;
;     -- 3 input functions                    ; 33                             ;
;     -- 2 input functions                    ; 36                             ;
;     -- 1 input functions                    ; 11                             ;
;     -- 0 input functions                    ; 1                              ;
;                                             ;                                ;
; Logic elements by mode                      ;                                ;
;     -- normal mode                          ; 126                            ;
;     -- arithmetic mode                      ; 18                             ;
;     -- qfbk mode                            ; 0                              ;
;     -- register cascade mode                ; 0                              ;
;     -- synchronous clear/load mode          ; 4                              ;
;     -- asynchronous clear/load mode         ; 24                             ;
;                                             ;                                ;
; Total registers                             ; 64 / 570 ( 11 % )              ;
; Total LABs                                  ; 19 / 57 ( 33 % )               ;
; Logic elements in carry chains              ; 21                             ;
; User inserted logic elements                ; 0                              ;
; Virtual pins                                ; 0                              ;
; I/O pins                                    ; 29 / 76 ( 38 % )               ;
;     -- Clock pins                           ; 1 / 4 ( 25 % )                 ;
; Global signals                              ; 4                              ;
; UFM blocks                                  ; 0 / 1 ( 0 % )                  ;
; Global clocks                               ; 4 / 4 ( 100 % )                ;
; JTAGs                                       ; 0 / 1 ( 0 % )                  ;
; Average interconnect usage (total/H/V)      ; 8% / 8% / 8%                   ;
; Peak interconnect usage (total/H/V)         ; 8% / 8% / 8%                   ;
; Maximum fan-out node                        ; Scan_Disp_ABCDIG:inst31|cnt[0] ;
; Maximum fan-out                             ; 19                             ;
; Highest non-global fan-out signal           ; Scan_Disp_ABCDIG:inst31|cnt[0] ;
; Highest non-global fan-out                  ; 19                             ;
; Total fan-out                               ; 562                            ;
; Average fan-out                             ; 3.25                           ;
+---------------------------------------------+--------------------------------+


+-----------------------------------------------------------------------------------------------------------------------------------------------------------------------------------------------------------------+
; Input Pins                                                                                                                                                                                                      ;
+----------+-------+----------+--------------+--------------+-------------+-----------------------+--------------------+--------+-----------------+----------+--------------+--------------+----------------------+
; Name     ; Pin # ; I/O Bank ; X coordinate ; Y coordinate ; Cell number ; Combinational Fan-Out ; Registered Fan-Out ; Global ; PCI I/O Enabled ; Bus Hold ; Weak Pull Up ; I/O Standard ; Location assigned by ;
+----------+-------+----------+--------------+--------------+-------------+-----------------------+--------------------+--------+-----------------+----------+--------------+--------------+----------------------+
; CLK_Scan ; 12    ; 1        ; 0            ; 5            ; 0           ; 7                     ; 0                  ; yes    ; no              ; no       ; Off          ; 3.3-V LVTTL  ; User                 ;
; Fake     ; 43    ; 1        ; 8            ; 3            ; 3           ; 2                     ; 0                  ; no     ; no              ; no       ; Off          ; 3.3-V LVTTL  ; User                 ;
; RESET    ; 42    ; 1        ; 7            ; 3            ; 0           ; 8                     ; 0                  ; no     ; no              ; no       ; Off          ; 3.3-V LVTTL  ; User                 ;
; Start    ; 44    ; 1        ; 8            ; 3            ; 2           ; 5                     ; 0                  ; no     ; no              ; no       ; Off          ; 3.3-V LVTTL  ; User                 ;
+----------+-------+----------+--------------+--------------+-------------+-----------------------+--------------------+--------+-----------------+----------+--------------+--------------+----------------------+


+--------------------------------------------------------------------------------------------------------------------------------------------------------------------------------------------------------------------------------------------------------------------------------------------------------------------------+
; Output Pins                                                                                                                                                                                                                                                                                                              ;
+--------+-------+----------+--------------+--------------+-------------+-----------------+----------------+-----------------+------------+---------------+----------+--------------+--------------+------------------+------------------------+----------------------+-------+----------------------+---------------------+
; Name   ; Pin # ; I/O Bank ; X coordinate ; Y coordinate ; Cell number ; Output Register ; Slow Slew Rate ; PCI I/O Enabled ; Open Drain ; TRI Primitive ; Bus Hold ; Weak Pull Up ; I/O Standard ; Current Strength ; Fast Output Connection ; Location assigned by ; Load  ; Output Enable Source ; Output Enable Group ;
+--------+-------+----------+--------------+--------------+-------------+-----------------+----------------+-----------------+------------+---------------+----------+--------------+--------------+------------------+------------------------+----------------------+-------+----------------------+---------------------+
; BEEP   ; 73    ; 2        ; 13           ; 7            ; 5           ; no              ; no             ; no              ; no         ; no            ; no       ; Off          ; 3.3-V LVTTL  ; 16mA             ; no                     ; User                 ; 10 pF ; -                    ; -                   ;
; DIG[0] ; 87    ; 2        ; 7            ; 8            ; 0           ; no              ; no             ; no              ; no         ; no            ; no       ; Off          ; 3.3-V LVTTL  ; 16mA             ; no                     ; User                 ; 10 pF ; -                    ; -                   ;
; DIG[1] ; 86    ; 2        ; 8            ; 8            ; 3           ; no              ; no             ; no              ; no         ; no            ; no       ; Off          ; 3.3-V LVTTL  ; 16mA             ; no                     ; User                 ; 10 pF ; -                    ; -                   ;
; DIG[2] ; 85    ; 2        ; 8            ; 8            ; 2           ; no              ; no             ; no              ; no         ; no            ; no       ; Off          ; 3.3-V LVTTL  ; 16mA             ; no                     ; User                 ; 10 pF ; -                    ; -                   ;
; DIG[3] ; 84    ; 2        ; 8            ; 8            ; 1           ; no              ; no             ; no              ; no         ; no            ; no       ; Off          ; 3.3-V LVTTL  ; 16mA             ; no                     ; User                 ; 10 pF ; -                    ; -                   ;
; DIG[4] ; 95    ; 2        ; 5            ; 8            ; 0           ; no              ; no             ; no              ; no         ; no            ; no       ; Off          ; 3.3-V LVTTL  ; 16mA             ; no                     ; User                 ; 10 pF ; -                    ; -                   ;
; DIG[5] ; 92    ; 2        ; 6            ; 8            ; 3           ; no              ; no             ; no              ; no         ; no            ; no       ; Off          ; 3.3-V LVTTL  ; 16mA             ; no                     ; User                 ; 10 pF ; -                    ; -                   ;
; DIG[6] ; 91    ; 2        ; 6            ; 8            ; 2           ; no              ; no             ; no              ; no         ; no            ; no       ; Off          ; 3.3-V LVTTL  ; 16mA             ; no                     ; User                 ; 10 pF ; -                    ; -                   ;
; DIG[7] ; 89    ; 2        ; 7            ; 8            ; 1           ; no              ; no             ; no              ; no         ; no            ; no       ; Off          ; 3.3-V LVTTL  ; 16mA             ; yes                    ; User                 ; 10 pF ; -                    ; -                   ;
; DP     ; 77    ; 2        ; 12           ; 8            ; 2           ; no              ; no             ; no              ; no         ; no            ; no       ; Off          ; 3.3-V LVTTL  ; 16mA             ; no                     ; User                 ; 10 pF ; -                    ; -                   ;
; LED[1] ; 67    ; 2        ; 13           ; 4            ; 1           ; no              ; no             ; no              ; no         ; no            ; no       ; Off          ; 3.3-V LVTTL  ; 16mA             ; no                     ; User                 ; 10 pF ; -                    ; -                   ;
; LED[2] ; 61    ; 2        ; 13           ; 3            ; 1           ; no              ; no             ; no              ; no         ; no            ; no       ; Off          ; 3.3-V LVTTL  ; 16mA             ; no                     ; User                 ; 10 pF ; -                    ; -                   ;
; LED[3] ; 57    ; 2        ; 13           ; 2            ; 1           ; no              ; no             ; no              ; no         ; no            ; no       ; Off          ; 3.3-V LVTTL  ; 16mA             ; no                     ; User                 ; 10 pF ; -                    ; -                   ;
; LED[4] ; 55    ; 2        ; 13           ; 2            ; 4           ; no              ; no             ; no              ; no         ; no            ; no       ; Off          ; 3.3-V LVTTL  ; 16mA             ; no                     ; User                 ; 10 pF ; -                    ; -                   ;
; LED[5] ; 66    ; 2        ; 13           ; 4            ; 2           ; no              ; no             ; no              ; no         ; no            ; no       ; Off          ; 3.3-V LVTTL  ; 16mA             ; no                     ; User                 ; 10 pF ; -                    ; -                   ;
; LED[6] ; 58    ; 2        ; 13           ; 2            ; 0           ; no              ; no             ; no              ; no         ; no            ; no       ; Off          ; 3.3-V LVTTL  ; 16mA             ; no                     ; User                 ; 10 pF ; -                    ; -                   ;
; LED[7] ; 56    ; 2        ; 13           ; 2            ; 2           ; no              ; no             ; no              ; no         ; no            ; no       ; Off          ; 3.3-V LVTTL  ; 16mA             ; no                     ; User                 ; 10 pF ; -                    ; -                   ;
; LED[8] ; 54    ; 2        ; 13           ; 1            ; 1           ; no              ; no             ; no              ; no         ; no            ; no       ; Off          ; 3.3-V LVTTL  ; 16mA             ; no                     ; User                 ; 10 pF ; -                    ; -                   ;
; SEG[0] ; 76    ; 2        ; 12           ; 8            ; 1           ; no              ; no             ; no              ; no         ; no            ; no       ; Off          ; 3.3-V LVTTL  ; 16mA             ; no                     ; User                 ; 10 pF ; -                    ; -                   ;
; SEG[1] ; 83    ; 2        ; 8            ; 8            ; 0           ; no              ; no             ; no              ; no         ; no            ; no       ; Off          ; 3.3-V LVTTL  ; 16mA             ; no                     ; User                 ; 10 pF ; -                    ; -                   ;
; SEG[2] ; 81    ; 2        ; 10           ; 8            ; 3           ; no              ; no             ; no              ; no         ; no            ; no       ; Off          ; 3.3-V LVTTL  ; 16mA             ; no                     ; User                 ; 10 pF ; -                    ; -                   ;
; SEG[3] ; 75    ; 2        ; 13           ; 7            ; 1           ; no              ; no             ; no              ; no         ; no            ; no       ; Off          ; 3.3-V LVTTL  ; 16mA             ; no                     ; User                 ; 10 pF ; -                    ; -                   ;
; SEG[4] ; 74    ; 2        ; 13           ; 7            ; 3           ; no              ; no             ; no              ; no         ; no            ; no       ; Off          ; 3.3-V LVTTL  ; 16mA             ; no                     ; User                 ; 10 pF ; -                    ; -                   ;
; SEG[5] ; 78    ; 2        ; 12           ; 8            ; 3           ; no              ; no             ; no              ; no         ; no            ; no       ; Off          ; 3.3-V LVTTL  ; 16mA             ; no                     ; User                 ; 10 pF ; -                    ; -                   ;
; SEG[6] ; 82    ; 2        ; 9            ; 8            ; 0           ; no              ; no             ; no              ; no         ; no            ; no       ; Off          ; 3.3-V LVTTL  ; 16mA             ; no                     ; User                 ; 10 pF ; -                    ; -                   ;
+--------+-------+----------+--------------+--------------+-------------+-----------------+----------------+-----------------+------------+---------------+----------+--------------+--------------+------------------+------------------------+----------------------+-------+----------------------+---------------------+


+------------------------------------------------------------+
; I/O Bank Usage                                             ;
+----------+------------------+---------------+--------------+
; I/O Bank ; Usage            ; VCCIO Voltage ; VREF Voltage ;
+----------+------------------+---------------+--------------+
; 1        ; 4 / 36 ( 11 % )  ; 3.3V          ; --           ;
; 2        ; 25 / 40 ( 63 % ) ; 3.3V          ; --           ;
+----------+------------------+---------------+--------------+


+------------------------------------------------------------------------------------------------------------------------------------------------+
; All Package Pins                                                                                                                               ;
+----------+------------+----------+----------------+--------+--------------+-----------+------------+-----------------+----------+--------------+
; Location ; Pad Number ; I/O Bank ; Pin Name/Usage ; Dir.   ; I/O Standard ; Voltage   ; I/O Type   ; User Assignment ; Bus Hold ; Weak Pull Up ;
+----------+------------+----------+----------------+--------+--------------+-----------+------------+-----------------+----------+--------------+
; 1        ; 161        ; 2        ; RESERVED_INPUT ;        ;              ;           ; Column I/O ;                 ; no       ; Off          ;
; 2        ; 2          ; 1        ; RESERVED_INPUT ;        ;              ;           ; Column I/O ;                 ; no       ; Off          ;
; 3        ; 4          ; 1        ; RESERVED_INPUT ;        ;              ;           ; Column I/O ;                 ; no       ; Off          ;
; 4        ; 6          ; 1        ; RESERVED_INPUT ;        ;              ;           ; Row I/O    ;                 ; no       ; Off          ;
; 5        ; 8          ; 1        ; RESERVED_INPUT ;        ;              ;           ; Row I/O    ;                 ; no       ; Off          ;
; 6        ; 9          ; 1        ; RESERVED_INPUT ;        ;              ;           ; Row I/O    ;                 ; no       ; Off          ;
; 7        ; 10         ; 1        ; RESERVED_INPUT ;        ;              ;           ; Row I/O    ;                 ; no       ; Off          ;
; 8        ; 11         ; 1        ; RESERVED_INPUT ;        ;              ;           ; Row I/O    ;                 ; no       ; Off          ;
; 9        ;            ; 1        ; VCCIO1         ; power  ;              ; 3.3V      ; --         ;                 ; --       ; --           ;
; 10       ;            ;          ; GNDIO          ; gnd    ;              ;           ; --         ;                 ; --       ; --           ;
; 11       ;            ;          ; GNDINT         ; gnd    ;              ;           ; --         ;                 ; --       ; --           ;
; 12       ; 20         ; 1        ; CLK_Scan       ; input  ; 3.3-V LVTTL  ;           ; Row I/O    ; Y               ; no       ; Off          ;
; 13       ;            ;          ; VCCINT         ; power  ;              ; 2.5V/3.3V ; --         ;                 ; --       ; --           ;
; 14       ; 21         ; 1        ; RESERVED_INPUT ;        ;              ;           ; Row I/O    ;                 ; no       ; Off          ;
; 15       ; 22         ; 1        ; RESERVED_INPUT ;        ;              ;           ; Row I/O    ;                 ; no       ; Off          ;
; 16       ; 23         ; 1        ; RESERVED_INPUT ;        ;              ;           ; Row I/O    ;                 ; no       ; Off          ;
; 17       ; 24         ; 1        ; RESERVED_INPUT ;        ;              ;           ; Row I/O    ;                 ; no       ; Off          ;
; 18       ; 25         ; 1        ; RESERVED_INPUT ;        ;              ;           ; Row I/O    ;                 ; no       ; Off          ;
; 19       ; 32         ; 1        ; RESERVED_INPUT ;        ;              ;           ; Row I/O    ;                 ; no       ; Off          ;
; 20       ; 34         ; 1        ; RESERVED_INPUT ;        ;              ;           ; Column I/O ;                 ; no       ; Off          ;
; 21       ; 36         ; 1        ; RESERVED_INPUT ;        ;              ;           ; Column I/O ;                 ; no       ; Off          ;
; 22       ; 38         ; 1        ; #TMS           ; input  ;              ;           ; --         ;                 ; --       ; --           ;
; 23       ; 39         ; 1        ; #TDI           ; input  ;              ;           ; --         ;                 ; --       ; --           ;
; 24       ; 40         ; 1        ; #TCK           ; input  ;              ;           ; --         ;                 ; --       ; --           ;
; 25       ; 41         ; 1        ; #TDO           ; output ;              ;           ; --         ;                 ; --       ; --           ;
; 26       ; 47         ; 1        ; RESERVED_INPUT ;        ;              ;           ; Column I/O ;                 ; no       ; Off          ;
; 27       ; 48         ; 1        ; RESERVED_INPUT ;        ;              ;           ; Column I/O ;                 ; no       ; Off          ;
; 28       ; 50         ; 1        ; RESERVED_INPUT ;        ;              ;           ; Column I/O ;                 ; no       ; Off          ;
; 29       ; 51         ; 1        ; RESERVED_INPUT ;        ;              ;           ; Column I/O ;                 ; no       ; Off          ;
; 30       ; 52         ; 1        ; RESERVED_INPUT ;        ;              ;           ; Column I/O ;                 ; no       ; Off          ;
; 31       ;            ; 1        ; VCCIO1         ; power  ;              ; 3.3V      ; --         ;                 ; --       ; --           ;
; 32       ;            ;          ; GNDIO          ; gnd    ;              ;           ; --         ;                 ; --       ; --           ;
; 33       ; 58         ; 1        ; RESERVED_INPUT ;        ;              ;           ; Column I/O ;                 ; no       ; Off          ;
; 34       ; 59         ; 1        ; RESERVED_INPUT ;        ;              ;           ; Column I/O ;                 ; no       ; Off          ;
; 35       ; 60         ; 1        ; RESERVED_INPUT ;        ;              ;           ; Column I/O ;                 ; no       ; Off          ;
; 36       ; 61         ; 1        ; RESERVED_INPUT ;        ;              ;           ; Column I/O ;                 ; no       ; Off          ;
; 37       ;            ;          ; GNDINT         ; gnd    ;              ;           ; --         ;                 ; --       ; --           ;
; 38       ; 62         ; 1        ; RESERVED_INPUT ;        ;              ;           ; Column I/O ;                 ; no       ; Off          ;
; 39       ;            ;          ; VCCINT         ; power  ;              ; 2.5V/3.3V ; --         ;                 ; --       ; --           ;
; 40       ; 63         ; 1        ; RESERVED_INPUT ;        ;              ;           ; Column I/O ;                 ; no       ; Off          ;
; 41       ; 64         ; 1        ; RESERVED_INPUT ;        ;              ;           ; Column I/O ;                 ; no       ; Off          ;
; 42       ; 65         ; 1        ; RESET          ; input  ; 3.3-V LVTTL  ;           ; Column I/O ; Y               ; no       ; Off          ;
; 43       ; 66         ; 1        ; Fake           ; input  ; 3.3-V LVTTL  ;           ; Column I/O ; Y               ; no       ; Off          ;
; 44       ; 67         ; 1        ; Start          ; input  ; 3.3-V LVTTL  ;           ; Column I/O ; Y               ; no       ; Off          ;
; 45       ;            ; 1        ; VCCIO1         ; power  ;              ; 3.3V      ; --         ;                 ; --       ; --           ;
; 46       ;            ;          ; GNDIO          ; gnd    ;              ;           ; --         ;                 ; --       ; --           ;
; 47       ; 71         ; 1        ; RESERVED_INPUT ;        ;              ;           ; Column I/O ;                 ; no       ; Off          ;
; 48       ; 72         ; 1        ; RESERVED_INPUT ;        ;              ;           ; Column I/O ;                 ; no       ; Off          ;
; 49       ; 73         ; 1        ; RESERVED_INPUT ;        ;              ;           ; Column I/O ;                 ; no       ; Off          ;
; 50       ; 75         ; 1        ; RESERVED_INPUT ;        ;              ;           ; Column I/O ;                 ; no       ; Off          ;
; 51       ; 79         ; 1        ; RESERVED_INPUT ;        ;              ;           ; Column I/O ;                 ; no       ; Off          ;
; 52       ; 83         ; 2        ; RESERVED_INPUT ;        ;              ;           ; Row I/O    ;                 ; no       ; Off          ;
; 53       ; 84         ; 2        ; RESERVED_INPUT ;        ;              ;           ; Row I/O    ;                 ; no       ; Off          ;
; 54       ; 86         ; 2        ; LED[8]         ; output ; 3.3-V LVTTL  ;           ; Row I/O    ; Y               ; no       ; Off          ;
; 55       ; 89         ; 2        ; LED[4]         ; output ; 3.3-V LVTTL  ;           ; Row I/O    ; Y               ; no       ; Off          ;
; 56       ; 91         ; 2        ; LED[7]         ; output ; 3.3-V LVTTL  ;           ; Row I/O    ; Y               ; no       ; Off          ;
; 57       ; 92         ; 2        ; LED[3]         ; output ; 3.3-V LVTTL  ;           ; Row I/O    ; Y               ; no       ; Off          ;
; 58       ; 93         ; 2        ; LED[6]         ; output ; 3.3-V LVTTL  ;           ; Row I/O    ; Y               ; no       ; Off          ;
; 59       ;            ; 2        ; VCCIO2         ; power  ;              ; 3.3V      ; --         ;                 ; --       ; --           ;
; 60       ;            ;          ; GNDIO          ; gnd    ;              ;           ; --         ;                 ; --       ; --           ;
; 61       ; 98         ; 2        ; LED[2]         ; output ; 3.3-V LVTTL  ;           ; Row I/O    ; Y               ; no       ; Off          ;
; 62       ; 101        ; 2        ; RESERVED_INPUT ;        ;              ;           ; Row I/O    ;                 ; no       ; Off          ;
; 63       ;            ;          ; VCCINT         ; power  ;              ; 2.5V/3.3V ; --         ;                 ; --       ; --           ;
; 64       ; 102        ; 2        ; RESERVED_INPUT ;        ;              ;           ; Row I/O    ;                 ; no       ; Off          ;
; 65       ;            ;          ; GNDINT         ; gnd    ;              ;           ; --         ;                 ; --       ; --           ;
; 66       ; 103        ; 2        ; LED[5]         ; output ; 3.3-V LVTTL  ;           ; Row I/O    ; Y               ; no       ; Off          ;
; 67       ; 104        ; 2        ; LED[1]         ; output ; 3.3-V LVTTL  ;           ; Row I/O    ; Y               ; no       ; Off          ;
; 68       ; 105        ; 2        ; RESERVED_INPUT ;        ;              ;           ; Row I/O    ;                 ; no       ; Off          ;
; 69       ; 111        ; 2        ; RESERVED_INPUT ;        ;              ;           ; Row I/O    ;                 ; no       ; Off          ;
; 70       ; 112        ; 2        ; RESERVED_INPUT ;        ;              ;           ; Row I/O    ;                 ; no       ; Off          ;
; 71       ; 115        ; 2        ; RESERVED_INPUT ;        ;              ;           ; Row I/O    ;                 ; no       ; Off          ;
; 72       ; 116        ; 2        ; RESERVED_INPUT ;        ;              ;           ; Row I/O    ;                 ; no       ; Off          ;
; 73       ; 118        ; 2        ; BEEP           ; output ; 3.3-V LVTTL  ;           ; Row I/O    ; Y               ; no       ; Off          ;
; 74       ; 120        ; 2        ; SEG[4]         ; output ; 3.3-V LVTTL  ;           ; Row I/O    ; Y               ; no       ; Off          ;
; 75       ; 122        ; 2        ; SEG[3]         ; output ; 3.3-V LVTTL  ;           ; Row I/O    ; Y               ; no       ; Off          ;
; 76       ; 125        ; 2        ; SEG[0]         ; output ; 3.3-V LVTTL  ;           ; Column I/O ; Y               ; no       ; Off          ;
; 77       ; 126        ; 2        ; DP             ; output ; 3.3-V LVTTL  ;           ; Column I/O ; Y               ; no       ; Off          ;
; 78       ; 127        ; 2        ; SEG[5]         ; output ; 3.3-V LVTTL  ;           ; Column I/O ; Y               ; no       ; Off          ;
; 79       ;            ;          ; GNDIO          ; gnd    ;              ;           ; --         ;                 ; --       ; --           ;
; 80       ;            ; 2        ; VCCIO2         ; power  ;              ; 3.3V      ; --         ;                 ; --       ; --           ;
; 81       ; 135        ; 2        ; SEG[2]         ; output ; 3.3-V LVTTL  ;           ; Column I/O ; Y               ; no       ; Off          ;
; 82       ; 136        ; 2        ; SEG[6]         ; output ; 3.3-V LVTTL  ;           ; Column I/O ; Y               ; no       ; Off          ;
; 83       ; 139        ; 2        ; SEG[1]         ; output ; 3.3-V LVTTL  ;           ; Column I/O ; Y               ; no       ; Off          ;
; 84       ; 140        ; 2        ; DIG[3]         ; output ; 3.3-V LVTTL  ;           ; Column I/O ; Y               ; no       ; Off          ;
; 85       ; 141        ; 2        ; DIG[2]         ; output ; 3.3-V LVTTL  ;           ; Column I/O ; Y               ; no       ; Off          ;
; 86       ; 142        ; 2        ; DIG[1]         ; output ; 3.3-V LVTTL  ;           ; Column I/O ; Y               ; no       ; Off          ;
; 87       ; 143        ; 2        ; DIG[0]         ; output ; 3.3-V LVTTL  ;           ; Column I/O ; Y               ; no       ; Off          ;
; 88       ;            ;          ; VCCINT         ; power  ;              ; 2.5V/3.3V ; --         ;                 ; --       ; --           ;
; 89       ; 144        ; 2        ; DIG[7]         ; output ; 3.3-V LVTTL  ;           ; Column I/O ; Y               ; no       ; Off          ;
; 90       ;            ;          ; GNDINT         ; gnd    ;              ;           ; --         ;                 ; --       ; --           ;
; 91       ; 149        ; 2        ; DIG[6]         ; output ; 3.3-V LVTTL  ;           ; Column I/O ; Y               ; no       ; Off          ;
; 92       ; 150        ; 2        ; DIG[5]         ; output ; 3.3-V LVTTL  ;           ; Column I/O ; Y               ; no       ; Off          ;
; 93       ;            ;          ; GNDIO          ; gnd    ;              ;           ; --         ;                 ; --       ; --           ;
; 94       ;            ; 2        ; VCCIO2         ; power  ;              ; 3.3V      ; --         ;                 ; --       ; --           ;
; 95       ; 151        ; 2        ; DIG[4]         ; output ; 3.3-V LVTTL  ;           ; Column I/O ; Y               ; no       ; Off          ;
; 96       ; 152        ; 2        ; RESERVED_INPUT ;        ;              ;           ; Column I/O ;                 ; no       ; Off          ;
; 97       ; 153        ; 2        ; RESERVED_INPUT ;        ;              ;           ; Column I/O ;                 ; no       ; Off          ;
; 98       ; 155        ; 2        ; RESERVED_INPUT ;        ;              ;           ; Column I/O ;                 ; no       ; Off          ;
; 99       ; 156        ; 2        ; RESERVED_INPUT ;        ;              ;           ; Column I/O ;                 ; no       ; Off          ;
; 100      ; 158        ; 2        ; RESERVED_INPUT ;        ;              ;           ; Column I/O ;                 ; no       ; Off          ;
+----------+------------+----------+----------------+--------+--------------+-----------+------------+-----------------+----------+--------------+
Note: Pin directions (input, output or bidir) are based on device operating in user mode.


+-------------------------------------------------------------+
; Output Pin Default Load For Reported TCO                    ;
+----------------------------+-------+------------------------+
; I/O Standard               ; Load  ; Termination Resistance ;
+----------------------------+-------+------------------------+
; 3.3-V LVTTL                ; 10 pF ; Not Available          ;
; 3.3-V LVCMOS               ; 10 pF ; Not Available          ;
; 2.5 V                      ; 10 pF ; Not Available          ;
; 1.8 V                      ; 10 pF ; Not Available          ;
; 1.5 V                      ; 10 pF ; Not Available          ;
; 3.3V Schmitt Trigger Input ; 10 pF ; Not Available          ;
; 2.5V Schmitt Trigger Input ; 10 pF ; Not Available          ;
+----------------------------+-------+------------------------+
Note: User assignments will override these defaults. The user specified values are listed in the Output Pins and Bidir Pins tables.


+-------------------------------------------------------------------------------------------------------------------------------------------------------------------------------------------------------------------------------------------------------+
; Fitter Resource Utilization by Entity                                                                                                                                                                                                                 ;
+------------------------------+-------------+--------------+------------+------+--------------+--------------+-------------------+------------------+-----------------+------------+----------------------------------------------------+--------------+
; Compilation Hierarchy Node   ; Logic Cells ; LC Registers ; UFM Blocks ; Pins ; Virtual Pins ; LUT-Only LCs ; Register-Only LCs ; LUT/Register LCs ; Carry Chain LCs ; Packed LCs ; Full Hierarchy Name                                ; Library Name ;
+------------------------------+-------------+--------------+------------+------+--------------+--------------+-------------------+------------------+-----------------+------------+----------------------------------------------------+--------------+
; |tigger_game                 ; 144 (3)     ; 64           ; 0          ; 29   ; 0            ; 80 (3)       ; 0 (0)             ; 64 (0)           ; 21 (0)          ; 0 (0)      ; |tigger_game                                       ; work         ;
;    |FreqDiv16:inst1|         ; 5 (0)       ; 4            ; 0          ; 0    ; 0            ; 1 (0)        ; 0 (0)             ; 4 (0)            ; 5 (0)           ; 0 (0)      ; |tigger_game|FreqDiv16:inst1                       ; work         ;
;       |74161:inst|           ; 5 (0)       ; 4            ; 0          ; 0    ; 0            ; 1 (0)        ; 0 (0)             ; 4 (0)            ; 5 (0)           ; 0 (0)      ; |tigger_game|FreqDiv16:inst1|74161:inst            ; work         ;
;          |f74161:sub|        ; 5 (5)       ; 4            ; 0          ; 0    ; 0            ; 1 (1)        ; 0 (0)             ; 4 (4)            ; 5 (5)           ; 0 (0)      ; |tigger_game|FreqDiv16:inst1|74161:inst|f74161:sub ; work         ;
;    |Freq_Divider:inst|       ; 57 (57)     ; 33           ; 0          ; 0    ; 0            ; 24 (24)      ; 0 (0)             ; 33 (33)          ; 16 (16)         ; 0 (0)      ; |tigger_game|Freq_Divider:inst                     ; work         ;
;    |Scan_Disp_ABCDIG:inst31| ; 41 (41)     ; 3            ; 0          ; 0    ; 0            ; 38 (38)      ; 0 (0)             ; 3 (3)            ; 0 (0)           ; 0 (0)      ; |tigger_game|Scan_Disp_ABCDIG:inst31               ; work         ;
;    |delay_button:inst3|      ; 6 (2)       ; 4            ; 0          ; 0    ; 0            ; 2 (2)        ; 0 (0)             ; 4 (0)            ; 0 (0)           ; 0 (0)      ; |tigger_game|delay_button:inst3                    ; work         ;
;       |74160:inst27|         ; 4 (4)       ; 4            ; 0          ; 0    ; 0            ; 0 (0)        ; 0 (0)             ; 4 (4)            ; 0 (0)           ; 0 (0)      ; |tigger_game|delay_button:inst3|74160:inst27       ; work         ;
;    |delay_button:inst4|      ; 5 (1)       ; 4            ; 0          ; 0    ; 0            ; 1 (1)        ; 0 (0)             ; 4 (0)            ; 0 (0)           ; 0 (0)      ; |tigger_game|delay_button:inst4                    ; work         ;
;       |74160:inst27|         ; 4 (4)       ; 4            ; 0          ; 0    ; 0            ; 0 (0)        ; 0 (0)             ; 4 (4)            ; 0 (0)           ; 0 (0)      ; |tigger_game|delay_button:inst4|74160:inst27       ; work         ;
;    |delay_button:inst6|      ; 6 (2)       ; 4            ; 0          ; 0    ; 0            ; 2 (2)        ; 0 (0)             ; 4 (0)            ; 0 (0)           ; 0 (0)      ; |tigger_game|delay_button:inst6                    ; work         ;
;       |74160:inst27|         ; 4 (4)       ; 4            ; 0          ; 0    ; 0            ; 0 (0)        ; 0 (0)             ; 4 (4)            ; 0 (0)           ; 0 (0)      ; |tigger_game|delay_button:inst6|74160:inst27       ; work         ;
;    |distinctHZ:inst11|       ; 5 (1)       ; 4            ; 0          ; 0    ; 0            ; 1 (1)        ; 0 (0)             ; 4 (0)            ; 0 (0)           ; 0 (0)      ; |tigger_game|distinctHZ:inst11                     ; work         ;
;       |74160:inst|           ; 4 (4)       ; 4            ; 0          ; 0    ; 0            ; 0 (0)        ; 0 (0)             ; 4 (4)            ; 0 (0)           ; 0 (0)      ; |tigger_game|distinctHZ:inst11|74160:inst          ; work         ;
;    |distinctHZ:inst12|       ; 5 (1)       ; 4            ; 0          ; 0    ; 0            ; 1 (1)        ; 0 (0)             ; 4 (0)            ; 0 (0)           ; 0 (0)      ; |tigger_game|distinctHZ:inst12                     ; work         ;
;       |74160:inst|           ; 4 (4)       ; 4            ; 0          ; 0    ; 0            ; 0 (0)        ; 0 (0)             ; 4 (4)            ; 0 (0)           ; 0 (0)      ; |tigger_game|distinctHZ:inst12|74160:inst          ; work         ;
;    |distinctHZ:inst13|       ; 5 (1)       ; 4            ; 0          ; 0    ; 0            ; 1 (1)        ; 0 (0)             ; 4 (0)            ; 0 (0)           ; 0 (0)      ; |tigger_game|distinctHZ:inst13                     ; work         ;
;       |74160:inst|           ; 4 (4)       ; 4            ; 0          ; 0    ; 0            ; 0 (0)        ; 0 (0)             ; 4 (4)            ; 0 (0)           ; 0 (0)      ; |tigger_game|distinctHZ:inst13|74160:inst          ; work         ;
;    |euqal:inst5|             ; 2 (2)       ; 0            ; 0          ; 0    ; 0            ; 2 (2)        ; 0 (0)             ; 0 (0)            ; 0 (0)           ; 0 (0)      ; |tigger_game|euqal:inst5                           ; work         ;
;    |euqal:inst7|             ; 2 (2)       ; 0            ; 0          ; 0    ; 0            ; 2 (2)        ; 0 (0)             ; 0 (0)            ; 0 (0)           ; 0 (0)      ; |tigger_game|euqal:inst7                           ; work         ;
;    |fake_game:inst22|        ; 1 (1)       ; 0            ; 0          ; 0    ; 0            ; 1 (1)        ; 0 (0)             ; 0 (0)            ; 0 (0)           ; 0 (0)      ; |tigger_game|fake_game:inst22                      ; work         ;
;    |fake_game:inst23|        ; 1 (1)       ; 0            ; 0          ; 0    ; 0            ; 1 (1)        ; 0 (0)             ; 0 (0)            ; 0 (0)           ; 0 (0)      ; |tigger_game|fake_game:inst23                      ; work         ;
+------------------------------+-------------+--------------+------------+------+--------------+--------------+-------------------+------------------+-----------------+------------+----------------------------------------------------+--------------+
Note: For table entries with two numbers listed, the numbers in parentheses indicate the number of resources of the given type used by the specific entity alone. The numbers listed outside of parentheses indicate the total resources of the given type used by the specific entity and all of its sub-entities in the hierarchy.


+-------------------------------------+
; Delay Chain Summary                 ;
+----------+----------+---------------+
; Name     ; Pin Type ; Pad to Core 0 ;
+----------+----------+---------------+
; Start    ; Input    ; (0)           ;
; RESET    ; Input    ; (0)           ;
; Fake     ; Input    ; (0)           ;
; CLK_Scan ; Input    ; (0)           ;
; DP       ; Output   ; --            ;
; BEEP     ; Output   ; --            ;
; DIG[7]   ; Output   ; --            ;
; DIG[6]   ; Output   ; --            ;
; DIG[5]   ; Output   ; --            ;
; DIG[4]   ; Output   ; --            ;
; DIG[3]   ; Output   ; --            ;
; DIG[2]   ; Output   ; --            ;
; DIG[1]   ; Output   ; --            ;
; DIG[0]   ; Output   ; --            ;
; LED[8]   ; Output   ; --            ;
; LED[7]   ; Output   ; --            ;
; LED[6]   ; Output   ; --            ;
; LED[5]   ; Output   ; --            ;
; LED[4]   ; Output   ; --            ;
; LED[3]   ; Output   ; --            ;
; LED[2]   ; Output   ; --            ;
; LED[1]   ; Output   ; --            ;
; SEG[6]   ; Output   ; --            ;
; SEG[5]   ; Output   ; --            ;
; SEG[4]   ; Output   ; --            ;
; SEG[3]   ; Output   ; --            ;
; SEG[2]   ; Output   ; --            ;
; SEG[1]   ; Output   ; --            ;
; SEG[0]   ; Output   ; --            ;
+----------+----------+---------------+


+----------------------------------------------------------------------------------------------------------------------------------------+
; Control Signals                                                                                                                        ;
+---------------------------------------------+--------------+---------+--------------+--------+----------------------+------------------+
; Name                                        ; Location     ; Fan-Out ; Usage        ; Global ; Global Resource Used ; Global Line Name ;
+---------------------------------------------+--------------+---------+--------------+--------+----------------------+------------------+
; CLK_Scan                                    ; PIN_12       ; 7       ; Clock        ; yes    ; Global Clock         ; GCLK0            ;
; FreqDiv16:inst1|74161:inst|f74161:sub|105~2 ; LC_X4_Y5_N4  ; 4       ; Sync. load   ; no     ; --                   ; --               ;
; Freq_Divider:inst|sclkout10                 ; LC_X8_Y5_N9  ; 9       ; Clock        ; yes    ; Global Clock         ; GCLK3            ;
; Freq_Divider:inst|sclkout100                ; LC_X8_Y5_N0  ; 5       ; Clock        ; no     ; --                   ; --               ;
; Freq_Divider:inst|sclkout1M                 ; LC_X5_Y5_N0  ; 11      ; Clock        ; yes    ; Global Clock         ; GCLK1            ;
; Freq_Divider:inst|sclkout1k                 ; LC_X2_Y7_N9  ; 8       ; Clock        ; yes    ; Global Clock         ; GCLK2            ;
; delay_button:inst3|74160:inst27|9           ; LC_X9_Y5_N3  ; 4       ; Async. clear ; no     ; --                   ; --               ;
; delay_button:inst3|inst11                   ; LC_X9_Y5_N6  ; 4       ; Clock        ; no     ; --                   ; --               ;
; delay_button:inst4|74160:inst27|9           ; LC_X7_Y5_N2  ; 4       ; Async. clear ; no     ; --                   ; --               ;
; delay_button:inst4|inst11                   ; LC_X6_Y4_N0  ; 4       ; Clock        ; no     ; --                   ; --               ;
; delay_button:inst6|74160:inst27|9           ; LC_X6_Y4_N1  ; 4       ; Async. clear ; no     ; --                   ; --               ;
; delay_button:inst6|inst11                   ; LC_X6_Y4_N4  ; 4       ; Clock        ; no     ; --                   ; --               ;
; distinctHZ:inst11|74160:inst|9              ; LC_X10_Y5_N7 ; 5       ; Async. clear ; no     ; --                   ; --               ;
; distinctHZ:inst11|inst6                     ; LC_X7_Y5_N6  ; 4       ; Clock        ; no     ; --                   ; --               ;
; distinctHZ:inst12|74160:inst|9              ; LC_X10_Y5_N1 ; 5       ; Async. clear ; no     ; --                   ; --               ;
; distinctHZ:inst12|inst6                     ; LC_X9_Y5_N2  ; 4       ; Clock        ; no     ; --                   ; --               ;
; distinctHZ:inst13|74160:inst|9              ; LC_X10_Y4_N1 ; 5       ; Async. clear ; no     ; --                   ; --               ;
; distinctHZ:inst13|inst6                     ; LC_X6_Y4_N8  ; 4       ; Clock        ; no     ; --                   ; --               ;
; inst9                                       ; LC_X10_Y7_N2 ; 12      ; Clock enable ; no     ; --                   ; --               ;
+---------------------------------------------+--------------+---------+--------------+--------+----------------------+------------------+


+-----------------------------------------------------------------------------------------------+
; Global & Other Fast Signals                                                                   ;
+-----------------------------+-------------+---------+----------------------+------------------+
; Name                        ; Location    ; Fan-Out ; Global Resource Used ; Global Line Name ;
+-----------------------------+-------------+---------+----------------------+------------------+
; CLK_Scan                    ; PIN_12      ; 7       ; Global Clock         ; GCLK0            ;
; Freq_Divider:inst|sclkout10 ; LC_X8_Y5_N9 ; 9       ; Global Clock         ; GCLK3            ;
; Freq_Divider:inst|sclkout1M ; LC_X5_Y5_N0 ; 11      ; Global Clock         ; GCLK1            ;
; Freq_Divider:inst|sclkout1k ; LC_X2_Y7_N9 ; 8       ; Global Clock         ; GCLK2            ;
+-----------------------------+-------------+---------+----------------------+------------------+


+-------------------------------------------------------+
; Non-Global High Fan-Out Signals                       ;
+---------------------------------------------+---------+
; Name                                        ; Fan-Out ;
+---------------------------------------------+---------+
; Scan_Disp_ABCDIG:inst31|cnt[0]              ; 19      ;
; Scan_Disp_ABCDIG:inst31|cnt[1]              ; 18      ;
; Scan_Disp_ABCDIG:inst31|cnt[2]              ; 17      ;
; Scan_Disp_ABCDIG:inst31|Mux9~0              ; 12      ;
; inst9                                       ; 12      ;
; Freq_Divider:inst|LessThan2~2               ; 11      ;
; Scan_Disp_ABCDIG:inst31|Mux12~1             ; 11      ;
; Scan_Disp_ABCDIG:inst31|Mux13~2             ; 11      ;
; Scan_Disp_ABCDIG:inst31|Mux11~2             ; 10      ;
; Scan_Disp_ABCDIG:inst31|Mux10~2             ; 10      ;
; inst18                                      ; 9       ;
; RESET                                       ; 8       ;
; Freq_Divider:inst|cnt[5]                    ; 8       ;
; Freq_Divider:inst|cnt[4]                    ; 8       ;
; Freq_Divider:inst|LessThan0~0               ; 7       ;
; distinctHZ:inst11|74160:inst|6              ; 7       ;
; distinctHZ:inst13|74160:inst|6              ; 6       ;
; distinctHZ:inst12|74160:inst|6              ; 6       ;
; distinctHZ:inst11|74160:inst|7              ; 6       ;
; Start                                       ; 5       ;
; Freq_Divider:inst|\process_2:cnt[1]         ; 5       ;
; Freq_Divider:inst|\process_2:cnt[0]         ; 5       ;
; Freq_Divider:inst|\process_2:cnt[3]         ; 5       ;
; Freq_Divider:inst|Add1~12                   ; 5       ;
; delay_button:inst6|74160:inst27|7           ; 5       ;
; delay_button:inst3|74160:inst27|7           ; 5       ;
; delay_button:inst4|74160:inst27|7           ; 5       ;
; Freq_Divider:inst|sclkout100                ; 5       ;
; Freq_Divider:inst|\process_3:cnt[1]         ; 5       ;
; Freq_Divider:inst|\process_3:cnt[0]         ; 5       ;
; Freq_Divider:inst|\process_3:cnt[3]         ; 5       ;
; Freq_Divider:inst|\process_4:cnt[1]         ; 5       ;
; Freq_Divider:inst|\process_4:cnt[0]         ; 5       ;
; Freq_Divider:inst|\process_4:cnt[3]         ; 5       ;
; distinctHZ:inst11|74160:inst|9              ; 5       ;
; distinctHZ:inst13|74160:inst|9              ; 5       ;
; distinctHZ:inst12|74160:inst|9              ; 5       ;
; distinctHZ:inst13|74160:inst|7              ; 5       ;
; distinctHZ:inst11|74160:inst|8              ; 5       ;
; distinctHZ:inst12|74160:inst|7              ; 5       ;
; ~GND                                        ; 4       ;
; FreqDiv16:inst1|74161:inst|f74161:sub|105~2 ; 4       ;
; delay_button:inst6|inst11                   ; 4       ;
; delay_button:inst3|inst11                   ; 4       ;
; delay_button:inst4|inst11                   ; 4       ;
; delay_button:inst6|74160:inst27|9           ; 4       ;
; delay_button:inst6|74160:inst27|6           ; 4       ;
; delay_button:inst3|74160:inst27|9           ; 4       ;
; delay_button:inst3|74160:inst27|6           ; 4       ;
; delay_button:inst4|74160:inst27|9           ; 4       ;
+---------------------------------------------+---------+


+---------------------------------------------------+
; Interconnect Usage Summary                        ;
+----------------------------+----------------------+
; Interconnect Resource Type ; Usage                ;
+----------------------------+----------------------+
; C4s                        ; 109 / 1,624 ( 7 % )  ;
; Direct links               ; 31 / 1,930 ( 2 % )   ;
; Global clocks              ; 4 / 4 ( 100 % )      ;
; LAB clocks                 ; 7 / 56 ( 13 % )      ;
; LUT chains                 ; 17 / 513 ( 3 % )     ;
; Local interconnects        ; 191 / 1,930 ( 10 % ) ;
; R4s                        ; 99 / 1,472 ( 7 % )   ;
+----------------------------+----------------------+


+---------------------------------------------------------------------------+
; LAB Logic Elements                                                        ;
+--------------------------------------------+------------------------------+
; Number of Logic Elements  (Average = 7.58) ; Number of LABs  (Total = 19) ;
+--------------------------------------------+------------------------------+
; 1                                          ; 2                            ;
; 2                                          ; 0                            ;
; 3                                          ; 0                            ;
; 4                                          ; 1                            ;
; 5                                          ; 2                            ;
; 6                                          ; 3                            ;
; 7                                          ; 0                            ;
; 8                                          ; 0                            ;
; 9                                          ; 0                            ;
; 10                                         ; 11                           ;
+--------------------------------------------+------------------------------+


+-------------------------------------------------------------------+
; LAB-wide Signals                                                  ;
+------------------------------------+------------------------------+
; LAB-wide Signals  (Average = 0.68) ; Number of LABs  (Total = 19) ;
+------------------------------------+------------------------------+
; 1 Clock                            ; 10                           ;
; 2 Async. clears                    ; 1                            ;
; 2 Clocks                           ; 2                            ;
+------------------------------------+------------------------------+


+----------------------------------------------------------------------------+
; LAB Signals Sourced                                                        ;
+---------------------------------------------+------------------------------+
; Number of Signals Sourced  (Average = 7.58) ; Number of LABs  (Total = 19) ;
+---------------------------------------------+------------------------------+
; 0                                           ; 0                            ;
; 1                                           ; 2                            ;
; 2                                           ; 0                            ;
; 3                                           ; 0                            ;
; 4                                           ; 1                            ;
; 5                                           ; 2                            ;
; 6                                           ; 3                            ;
; 7                                           ; 0                            ;
; 8                                           ; 0                            ;
; 9                                           ; 0                            ;
; 10                                          ; 11                           ;
+---------------------------------------------+------------------------------+


+--------------------------------------------------------------------------------+
; LAB Signals Sourced Out                                                        ;
+-------------------------------------------------+------------------------------+
; Number of Signals Sourced Out  (Average = 4.68) ; Number of LABs  (Total = 19) ;
+-------------------------------------------------+------------------------------+
; 0                                               ; 0                            ;
; 1                                               ; 4                            ;
; 2                                               ; 3                            ;
; 3                                               ; 1                            ;
; 4                                               ; 1                            ;
; 5                                               ; 2                            ;
; 6                                               ; 2                            ;
; 7                                               ; 2                            ;
; 8                                               ; 2                            ;
; 9                                               ; 0                            ;
; 10                                              ; 2                            ;
+-------------------------------------------------+------------------------------+


+----------------------------------------------------------------------------+
; LAB Distinct Inputs                                                        ;
+---------------------------------------------+------------------------------+
; Number of Distinct Inputs  (Average = 6.95) ; Number of LABs  (Total = 19) ;
+---------------------------------------------+------------------------------+
; 0                                           ; 0                            ;
; 1                                           ; 4                            ;
; 2                                           ; 0                            ;
; 3                                           ; 1                            ;
; 4                                           ; 1                            ;
; 5                                           ; 0                            ;
; 6                                           ; 2                            ;
; 7                                           ; 2                            ;
; 8                                           ; 2                            ;
; 9                                           ; 0                            ;
; 10                                          ; 5                            ;
; 11                                          ; 0                            ;
; 12                                          ; 0                            ;
; 13                                          ; 1                            ;
; 14                                          ; 0                            ;
; 15                                          ; 0                            ;
; 16                                          ; 1                            ;
+---------------------------------------------+------------------------------+


+--------------------------------------------------------------------+
; Fitter Device Options                                              ;
+----------------------------------------------+---------------------+
; Option                                       ; Setting             ;
+----------------------------------------------+---------------------+
; Enable user-supplied start-up clock (CLKUSR) ; Off                 ;
; Enable device-wide reset (DEV_CLRn)          ; Off                 ;
; Enable device-wide output enable (DEV_OE)    ; Off                 ;
; Enable INIT_DONE output                      ; Off                 ;
; Configuration scheme                         ; Passive Serial      ;
; Reserve all unused pins                      ; As input tri-stated ;
; Base pin-out file on sameframe device        ; Off                 ;
+----------------------------------------------+---------------------+


+---------------------------------------------------------------+
; Estimated Delay Added for Hold Timing                         ;
+-----------------+-------------------------+-------------------+
; Source Clock(s) ; Destination Clock(s)    ; Delay Added in ns ;
+-----------------+-------------------------+-------------------+
; CLK_Scan        ; CLK_Scan,RESET,Fake     ; 0.558488          ;
; CLK_Scan,RESET  ; CLK_Scan,RESET,Fake     ; 0.338             ;
; CLK_Scan,RESET  ; I/O,CLK_Scan,RESET,Fake ; 0.644844          ;
+-----------------+-------------------------+-------------------+
Note: For more information on problematic transfers, consider running the Fitter again with the Optimize hold timing option (Settings Menu) turned off.
This will disable optimization of problematic paths and expose them for further analysis using either the TimeQuest Timing Analyzer or the Classic Timing Analyzer.


+-----------------+
; Fitter Messages ;
+-----------------+
Info: *******************************************************************
Info: Running Quartus II 64-Bit Fitter
    Info: Version 9.1 Build 222 10/21/2009 SJ Full Version
    Info: Processing started: Fri Oct 27 23:05:02 2023
Info: Command: quartus_fit --read_settings_files=off --write_settings_files=off tigger_game -c tigger_game
Info: Parallel compilation is enabled and will use 4 of the 4 processors detected
Info: Selected device EPM570T100C5 for design "tigger_game"
Info: Low junction temperature is 0 degrees C
Info: High junction temperature is 85 degrees C
Info: Fitter is performing an Auto Fit compilation, which may decrease Fitter effort to reduce compilation time
Info: Device migration not selected. If you intend to use device migration later, you may need to change the pin assignments as they may be incompatible with other devices
    Info: Device EPM240T100C5 is compatible
    Info: Device EPM240T100I5 is compatible
    Info: Device EPM240T100A5 is compatible
    Info: Device EPM570T100I5 is compatible
    Info: Device EPM570T100A5 is compatible
Info: Timing-driven compilation is using the Classic Timing Analyzer
Info: Timing requirements not specified -- optimizing circuit to achieve the following default global requirements
    Info: Assuming a global fmax requirement of 1000 MHz
    Info: Assuming a global tsu requirement of 2.0 ns
    Info: Assuming a global tco requirement of 1.0 ns
    Info: Assuming a global tpd requirement of 1.0 ns
Info: Completed User Assigned Global Signals Promotion Operation
Info: Automatically promoted signal "CLK_Scan" to use Global clock in PIN 12
Info: Automatically promoted signal "Freq_Divider:inst|sclkout1M" to use Global clock
Info: Automatically promoted signal "Freq_Divider:inst|sclkout10" to use Global clock
Info: Automatically promoted signal "Freq_Divider:inst|sclkout1k" to use Global clock
Info: Completed Auto Global Promotion Operation
Info: Starting register packing
Info: Fitter is using Normal packing mode for logic elements with Auto setting for Auto Packed Registers logic option
Info: Started processing fast register assignments
Info: Finished processing fast register assignments
Info: Finished register packing
Warning: Ignored locations or region assignments to the following nodes
    Warning: Node "Fake3" is assigned to location or region, but does not exist in design
Info: Fitter preparation operations ending: elapsed time is 00:00:00
Info: Fitter placement preparation operations beginning
Info: Fitter placement preparation operations ending: elapsed time is 00:00:00
Info: Fitter placement operations beginning
Info: Fitter placement was successful
Info: Fitter placement operations ending: elapsed time is 00:00:00
Info: Estimated most critical path is register to pin delay of 13.023 ns
    Info: 1: + IC(0.000 ns) + CELL(0.000 ns) = 0.000 ns; Loc. = LAB_X10_Y4; Fanout = 6; REG Node = 'distinctHZ:inst13|74160:inst|6'
    Info: 2: + IC(1.747 ns) + CELL(0.740 ns) = 2.487 ns; Loc. = LAB_X10_Y5; Fanout = 1; COMB Node = 'Scan_Disp_ABCDIG:inst31|Mux13~1'
    Info: 3: + IC(0.269 ns) + CELL(0.914 ns) = 3.670 ns; Loc. = LAB_X10_Y5; Fanout = 11; COMB Node = 'Scan_Disp_ABCDIG:inst31|Mux13~2'
    Info: 4: + IC(1.599 ns) + CELL(0.740 ns) = 6.009 ns; Loc. = LAB_X10_Y7; Fanout = 1; COMB Node = 'Scan_Disp_ABCDIG:inst31|Mux16~0'
    Info: 5: + IC(1.619 ns) + CELL(0.740 ns) = 8.368 ns; Loc. = LAB_X10_Y4; Fanout = 1; COMB Node = 'Scan_Disp_ABCDIG:inst31|Mux16~1'
    Info: 6: + IC(2.333 ns) + CELL(2.322 ns) = 13.023 ns; Loc. = PIN_74; Fanout = 0; PIN Node = 'SEG[4]'
    Info: Total cell delay = 5.456 ns ( 41.90 % )
    Info: Total interconnect delay = 7.567 ns ( 58.10 % )
Info: Fitter routing operations beginning
Info: 1 (of 475) connections in the design require a large routing delay to satisfy hold requirements. Refer to the Fitter report for a summary of the relevant clock transfers. Also, check the circuit's timing constraints and clocking methodology, especially multicycles and gated clocks.
Info: Average interconnect usage is 6% of the available device resources
    Info: Peak interconnect usage is 6% of the available device resources in the region that extends from location X0_Y0 to location X13_Y8
Info: Fitter routing operations ending: elapsed time is 00:00:00
Info: The Fitter performed an Auto Fit compilation.  Optimizations were skipped to reduce compilation time.
    Info: Optimizations that may affect the design's routability were skipped
    Info: Optimizations that may affect the design's timing were skipped
Warning: Found invalid Fitter assignments. See the Ignored Assignments panel in the Fitter Compilation Report for more information.
Info: Generated suppressed messages file D:/Everylanguage/EDA/game - Copy/tigger_game.fit.smsg
Info: Quartus II 64-Bit Fitter was successful. 0 errors, 3 warnings
    Info: Peak virtual memory: 4505 megabytes
    Info: Processing ended: Fri Oct 27 23:05:03 2023
    Info: Elapsed time: 00:00:01
    Info: Total CPU time (on all processors): 00:00:00


+----------------------------+
; Fitter Suppressed Messages ;
+----------------------------+
The suppressed messages can be found in D:/Everylanguage/EDA/game - Copy/tigger_game.fit.smsg.


