Flow report for tigger_game
Fri Oct 27 23:05:05 2023
Quartus II 64-Bit Version 9.1 Build 222 10/21/2009 SJ Full Version


---------------------
; Table of Contents ;
---------------------
  1. Legal Notice
  2. Flow Summary
  3. Flow Settings
  4. Flow Non-Default Global Settings
  5. Flow Elapsed Time
  6. Flow OS Summary
  7. Flow Log



----------------
; Legal Notice ;
----------------
Copyright (C) 1991-2009 Altera Corporation
Your use of Altera Corporation's design tools, logic functions 
and other software and tools, and its AMPP partner logic 
functions, and any output files from any of the foregoing 
(including device programming or simulation files), and any 
associated documentation or information are expressly subject 
to the terms and conditions of the Altera Program License 
Subscription Agreement, Altera MegaCore Function License 
Agreement, or other applicable license agreement, including, 
without limitation, that your use is for the sole purpose of 
programming logic devices manufactured by Altera and sold by 
Altera or its authorized distributors.  Please refer to the 
applicable agreement for further details.



+----------------------------------------------------------------------+
; Flow Summary                                                         ;
+---------------------------+------------------------------------------+
; Flow Status               ; Successful - Fri Oct 27 23:05:05 2023    ;
; Quartus II 64-Bit Version ; 9.1 Build 222 10/21/2009 SJ Full Version ;
; Revision Name             ; tigger_game                              ;
; Top-level Entity Name     ; tigger_game                              ;
; Family                    ; MAX II                                   ;
; Device                    ; EPM570T100C5                             ;
; Timing Models             ; Final                                    ;
; Met timing requirements   ; No                                       ;
; Total logic elements      ; 144 / 570 ( 25 % )                       ;
; Total pins                ; 29 / 76 ( 38 % )                         ;
; Total virtual pins        ; 0                                        ;
; UFM blocks                ; 0 / 1 ( 0 % )                            ;
+---------------------------+------------------------------------------+


+-----------------------------------------+
; Flow Settings                           ;
+-------------------+---------------------+
; Option            ; Setting             ;
+-------------------+---------------------+
; Start date & time ; 10/27/2023 23:05:00 ;
; Main task         ; Compilation         ;
; Revision Name     ; tigger_game         ;
+-------------------+---------------------+


+-----------------------------------------------------------------------------------------------------------------------------------------+
; Flow Non-Default Global Settings                                                                                                        ;
+---------------------------------------+--------------------------------------------------+---------------+-------------+----------------+
; Assignment Name                       ; Value                                            ; Default Value ; Entity Name ; Section Id     ;
+---------------------------------------+--------------------------------------------------+---------------+-------------+----------------+
; COMPILER_SIGNATURE_ID                 ; 193928658435912.169841910003108                  ; --            ; --          ; --             ;
; MAX_CORE_JUNCTION_TEMP                ; 85                                               ; --            ; --          ; --             ;
; MIN_CORE_JUNCTION_TEMP                ; 0                                                ; --            ; --          ; --             ;
; MISC_FILE                             ; D:/Everylanguage/EDA/game/tigger_game.dpf        ; --            ; --          ; --             ;
; MISC_FILE                             ; D:/Everylanguage/EDA/game - Copy/tigger_game.dpf ; --            ; --          ; --             ;
; POWER_EXT_SUPPLY_VOLTAGE_TO_REGULATOR ; 3.3V                                             ; --            ; --          ; --             ;
; USE_GENERATED_PHYSICAL_CONSTRAINTS    ; Off                                              ; --            ; --          ; eda_blast_fpga ;
+---------------------------------------+--------------------------------------------------+---------------+-------------+----------------+


+-----------------------------------------------------------------------------------------------------------------------------+
; Flow Elapsed Time                                                                                                           ;
+-------------------------+--------------+-------------------------+---------------------+------------------------------------+
; Module Name             ; Elapsed Time ; Average Processors Used ; Peak Virtual Memory ; Total CPU Time (on all processors) ;
+-------------------------+--------------+-------------------------+---------------------+------------------------------------+
; Analysis & Synthesis    ; 00:00:02     ; 1.0                     ; 4453 MB             ; 00:00:01                           ;
; Fitter                  ; 00:00:01     ; 1.0                     ; 4505 MB             ; 00:00:00                           ;
; Assembler               ; 00:00:01     ; 1.0                     ; 4362 MB             ; 00:00:00                           ;
; Classic Timing Analyzer ; 00:00:01     ; 1.0                     ; 4340 MB             ; 00:00:00                           ;
; Total                   ; 00:00:05     ; --                      ; --                  ; 00:00:01                           ;
+-------------------------+--------------+-------------------------+---------------------+------------------------------------+


+------------------------------------------------------------------------------------------+
; Flow OS Summary                                                                          ;
+-------------------------+------------------+---------------+------------+----------------+
; Module Name             ; Machine Hostname ; OS Name       ; OS Version ; Processor type ;
+-------------------------+------------------+---------------+------------+----------------+
; Analysis & Synthesis    ; Çï·çÆ®Æð»ÆÒ¶Âä   ; Windows Vista ; 6.2        ; x86_64         ;
; Fitter                  ; Çï·çÆ®Æð»ÆÒ¶Âä   ; Windows Vista ; 6.2        ; x86_64         ;
; Assembler               ; Çï·çÆ®Æð»ÆÒ¶Âä   ; Windows Vista ; 6.2        ; x86_64         ;
; Classic Timing Analyzer ; Çï·çÆ®Æð»ÆÒ¶Âä   ; Windows Vista ; 6.2        ; x86_64         ;
+-------------------------+------------------+---------------+------------+----------------+


------------
; Flow Log ;
------------
quartus_map --read_settings_files=on --write_settings_files=off tigger_game -c tigger_game
quartus_fit --read_settings_files=off --write_settings_files=off tigger_game -c tigger_game
quartus_asm --read_settings_files=off --write_settings_files=off tigger_game -c tigger_game
quartus_tan --read_settings_files=off --write_settings_files=off tigger_game -c tigger_game



